Jan-31 16:47:32.648 [main] DEBUG nextflow.cli.Launcher - $> nextflow run gtf_insert.nf
Jan-31 16:47:32.754 [main] INFO  nextflow.cli.CmdRun - N E X T F L O W  ~  version 23.04.3
Jan-31 16:47:32.793 [main] DEBUG nextflow.plugin.PluginsFacade - Setting up plugin manager > mode=prod; embedded=false; plugins-dir=/home/rgrindle/.nextflow/plugins; core-plugins: nf-amazon@1.16.2,nf-azure@1.0.1,nf-codecommit@0.1.4,nf-console@1.0.5,nf-ga4gh@1.0.5,nf-google@1.7.3,nf-tower@1.5.12,nf-wave@0.8.4
Jan-31 16:47:32.814 [main] INFO  org.pf4j.DefaultPluginStatusProvider - Enabled plugins: []
Jan-31 16:47:32.816 [main] INFO  org.pf4j.DefaultPluginStatusProvider - Disabled plugins: []
Jan-31 16:47:32.820 [main] INFO  org.pf4j.DefaultPluginManager - PF4J version 3.4.1 in 'deployment' mode
Jan-31 16:47:32.838 [main] INFO  org.pf4j.AbstractPluginManager - No plugins
Jan-31 16:47:32.867 [main] DEBUG nextflow.config.ConfigBuilder - Found config local: /compbio/scratch/rgrindle/transcriptome_pipeline/rnaseq_transcriptome_update/modules/local/nextflow.config
Jan-31 16:47:32.868 [main] DEBUG nextflow.config.ConfigBuilder - Parsing config file: /compbio/scratch/rgrindle/transcriptome_pipeline/rnaseq_transcriptome_update/modules/local/nextflow.config
Jan-31 16:47:32.906 [main] DEBUG nextflow.config.ConfigBuilder - Applying config profile: `standard`
Jan-31 16:47:33.847 [main] DEBUG nextflow.cli.CmdRun - Applied DSL=2 by global default
Jan-31 16:47:33.885 [main] INFO  nextflow.cli.CmdRun - Launching `gtf_insert.nf` [disturbed_shaw] DSL2 - revision: 076a428b75
Jan-31 16:47:33.887 [main] DEBUG nextflow.plugin.PluginsFacade - Plugins default=[]
Jan-31 16:47:33.888 [main] DEBUG nextflow.plugin.PluginsFacade - Plugins resolved requirement=[]
Jan-31 16:47:33.907 [main] DEBUG nextflow.secret.LocalSecretsProvider - Secrets store: /home/rgrindle/.nextflow/secrets/store.json
Jan-31 16:47:33.915 [main] DEBUG nextflow.secret.SecretsLoader - Discovered secrets providers: [nextflow.secret.LocalSecretsProvider@a451491] - activable => nextflow.secret.LocalSecretsProvider@a451491
Jan-31 16:47:34.026 [main] DEBUG nextflow.Session - Session UUID: 14e2ac72-f5b4-4f37-9137-eed4f7f7c051
Jan-31 16:47:34.026 [main] DEBUG nextflow.Session - Run name: disturbed_shaw
Jan-31 16:47:34.027 [main] DEBUG nextflow.Session - Executor pool size: 16
Jan-31 16:47:34.048 [main] DEBUG nextflow.util.ThreadPoolBuilder - Creating thread pool 'FileTransfer' minSize=10; maxSize=48; workQueue=LinkedBlockingQueue[10000]; allowCoreThreadTimeout=false
Jan-31 16:47:34.093 [main] DEBUG nextflow.cli.CmdRun - 
  Version: 23.04.3 build 5875
  Created: 11-08-2023 18:37 UTC (14:37 EDT)
  System: Linux 4.18.0-372.9.1.el8.x86_64
  Runtime: Groovy 3.0.16 on Java HotSpot(TM) 64-Bit Server VM 17.0.6+9-LTS-190
  Encoding: UTF-8 (UTF-8)
  Process: 4169303@random.mdibl.net [209.222.195.242]
  CPUs: 16 - Mem: 141.4 GB (64.7 GB) - Swap: 32 MB (0)
Jan-31 16:47:34.134 [main] DEBUG nextflow.Session - Work-dir: /compbio/scratch/rgrindle/transcriptome_pipeline/rnaseq_transcriptome_update/modules/local/work [nfs]
Jan-31 16:47:34.135 [main] DEBUG nextflow.Session - Script base path does not exist or is not a directory: /compbio/scratch/rgrindle/transcriptome_pipeline/rnaseq_transcriptome_update/modules/local/bin
Jan-31 16:47:34.154 [main] DEBUG nextflow.executor.ExecutorFactory - Extension executors providers=[]
Jan-31 16:47:34.177 [main] DEBUG nextflow.Session - Observer factory: DefaultObserverFactory
Jan-31 16:47:34.219 [main] DEBUG nextflow.cache.CacheFactory - Using Nextflow cache factory: nextflow.cache.DefaultCacheFactory
Jan-31 16:47:34.240 [main] DEBUG nextflow.util.CustomThreadPool - Creating default thread pool > poolSize: 17; maxThreads: 1000
Jan-31 16:47:34.352 [main] DEBUG nextflow.Session - Session start
Jan-31 16:47:34.937 [main] DEBUG nextflow.script.ScriptRunner - > Launching execution
Jan-31 16:47:35.104 [main] DEBUG nextflow.script.ProcessConfig - Config settings `withName:GTF_INSERT` matches process GTF_INSERT
Jan-31 16:47:35.112 [main] DEBUG nextflow.executor.ExecutorFactory - << taskConfig executor: null
Jan-31 16:47:35.113 [main] DEBUG nextflow.executor.ExecutorFactory - >> processorType: 'local'
Jan-31 16:47:35.122 [main] DEBUG nextflow.executor.Executor - [warm up] executor > local
Jan-31 16:47:35.128 [main] DEBUG n.processor.LocalPollingMonitor - Creating local task monitor for executor 'local' > cpus=16; memory=141.4 GB; capacity=16; pollInterval=100ms; dumpInterval=5m
Jan-31 16:47:35.261 [main] DEBUG nextflow.Session - Workflow process names [dsl2]: GTF_INSERT
Jan-31 16:47:35.262 [main] DEBUG nextflow.Session - Igniting dataflow network (4)
Jan-31 16:47:35.271 [main] DEBUG nextflow.processor.TaskProcessor - Starting process > GTF_INSERT
Jan-31 16:47:35.273 [main] DEBUG nextflow.script.ScriptRunner - > Awaiting termination 
Jan-31 16:47:35.273 [main] DEBUG nextflow.Session - Session await
Jan-31 16:47:35.488 [Task submitter] DEBUG n.executor.local.LocalTaskHandler - Launch cmd line: /bin/bash -ue .command.run
Jan-31 16:47:35.492 [Task submitter] INFO  nextflow.Session - [66/d8f1e3] Submitted process > GTF_INSERT (1)
Jan-31 16:49:48.135 [Task monitor] DEBUG n.processor.TaskPollingMonitor - Task completed > TaskHandler[id: 1; name: GTF_INSERT (1); status: COMPLETED; exit: 0; error: -; workDir: /compbio/scratch/rgrindle/transcriptome_pipeline/rnaseq_transcriptome_update/modules/local/work/66/d8f1e36dc9a1ccab28344e7d00a07d]
Jan-31 16:49:48.156 [main] DEBUG nextflow.Session - Session await > all processes finished
Jan-31 16:49:48.159 [main] DEBUG nextflow.Session - Session await > all barriers passed
Jan-31 16:49:48.169 [main] DEBUG nextflow.trace.WorkflowStatsObserver - Workflow completed > WorkflowStats[succeededCount=1; failedCount=0; ignoredCount=0; cachedCount=0; pendingCount=0; submittedCount=0; runningCount=0; retriesCount=0; abortedCount=0; succeedDuration=2m 13s; failedDuration=0ms; cachedDuration=0ms;loadCpus=0; loadMemory=0; peakRunning=1; peakCpus=1; peakMemory=0; ]
Jan-31 16:49:48.342 [main] DEBUG nextflow.cache.CacheDB - Closing CacheDB done
Jan-31 16:49:48.363 [main] DEBUG nextflow.util.ThreadPoolManager - Thread pool 'FileTransfer' shutdown completed (hard=false)
Jan-31 16:49:48.364 [main] DEBUG nextflow.script.ScriptRunner - > Execution complete -- Goodbye
